#
# A fatal error has been detected by the Java Runtime Environment:
#
#  SIGSEGV (0xb) at pc=0x0000000101751b01, pid=9371, tid=16643
#
# JRE version: Java(TM) SE Runtime Environment (7.0_71-b14) (build 1.7.0_71-b14)
# Java VM: Java HotSpot(TM) 64-Bit Server VM (24.71-b01 mixed mode bsd-amd64 compressed oops)
# Problematic frame:
# V  [libjvm.dylib+0x2adb01]  instanceKlass::find_method(objArrayOopDesc*, Symbol*, Symbol*)+0x11b
#
# Failed to write core dump. Core dumps have been disabled. To enable core dumping, try "ulimit -c unlimited" before starting Java again
#
# If you would like to submit a bug report, please visit:
#   http://bugreport.sun.com/bugreport/crash.jsp
#

---------------  T H R E A D  ---------------

Current thread (0x00007f9b00809000):  JavaThread "C2 CompilerThread0" daemon [_thread_in_vm, id=16643, stack(0x000000010b4a2000,0x000000010b5a2000)]

siginfo:si_signo=SIGSEGV: si_errno=0, si_code=0 (SEGV0), si_addr=0x0000000000000000

Registers:
RAX=0x4959594159312261, RBX=0x00000000000000c6, RCX=0x0000000000000003, RDX=0x0000000101c1e830
RSP=0x000000010b59fc10, RBP=0x000000010b59fc50, RSI=0x00000000000000c4, RDI=0x00000007c13b2d50
R8 =0x00007f9b00403488, R9 =0x000000000000000e, R10=0x0000000000000001, R11=0x0000000000000858
R12=0x00000000000000c4, R13=0x00000007c13c9f70, R14=0x00000000000000c3, R15=0x00007f9b007e3cc0
RIP=0x0000000101751b01, EFLAGS=0x0000000000010202, ERR=0x0000000000000000
  TRAPNO=0x000000000000000d

Top of Stack: (sp=0x000000010b59fc10)
0x000000010b59fc10:   000000010b59fc40 000000010833e1e0
0x000000010b59fc20:   00000007c13b2d50 000000010b59ffe8
0x000000010b59fc30:   0000000000000000 00000007c13cbba8
0x000000010b59fc40:   000000010b59ffe8 00000007c13cbbb8
0x000000010b59fc50:   000000010b59fc70 000000010169bf08
0x000000010b59fc60:   000000010833e1e0 000000010b5a0000
0x000000010b59fc70:   000000010b59ffd0 0000000101699eb3
0x000000010b59fc80:   000000010b59fcd0 00000007c13e1748
0x000000010b59fc90:   000000010b59fcb0 0000000000000000
0x000000010b59fca0:   0000000700000001 00007f9b007e3cc0
0x000000010b59fcb0:   00007f9b00403460 00007f9b00402fa0
0x000000010b59fcc0:   00007f9b04947e00 00007f9b0494d550
0x000000010b59fcd0:   00007f9b0494fde8 00000000000083b0
0x000000010b59fce0:   000000010b59fd00 00007f9b007e8130
0x000000010b59fcf0:   00000007c138d458 00007f9b007e8130
0x000000010b59fd00:   000000010b59ffa0 00007f9b00403468
0x000000010b59fd10:   00007f9b019d3540 00000007c138d9d8
0x000000010b59fd20:   000000010b59fd50 0000000101748166
0x000000010b59fd30:   00007f9b00809000 00007f9b00809000
0x000000010b59fd40:   00007f9b007e8130 00007f9b019d3540
0x000000010b59fd50:   000000010b59fd90 0000000101844a94
0x000000010b59fd60:   00007f9b04947e00 00007f9b00403478
0x000000010b59fd70:   00007f9b00403480 00007f9b00403468
0x000000010b59fd80:   00007f9b00403478 00007f9b00403468
0x000000010b59fd90:   000000010b59ff80 000000010184548f
0x000000010b59fda0:   2500bdd43874d7d4 00007f9b00403460
0x000000010b59fdb0:   000000010b59ff88 00007f9b00403488
0x000000010b59fdc0:   000000010b59fde0 0000000101776b5f
0x000000010b59fdd0:   000000010b59ff00 00000000ffffffff
0x000000010b59fde0:   000000010b59fdf0 0000000101972f2f
0x000000010b59fdf0:   000000010b59fe10 000000010165a481
0x000000010b59fe00:   00007f9b00403488 00007f9b00403468 

Instructions: (pc=0x0000000101751b01)
0x0000000101751ae1:   e3 41 39 de 7f e9 46 8d 24 33 41 d1 fc 48 8b 7d
0x0000000101751af1:   d0 44 89 e6 e8 8e a3 f4 ff 49 89 c5 49 8b 45 10
0x0000000101751b01:   48 8b 78 20 0f b7 70 38 e8 36 70 f4 ff 48 83 e0
0x0000000101751b11:   fe 4c 39 f8 72 bd 4c 39 f8 75 c0 49 8b 45 10 48 

Register to memory mapping:

RAX=0x4959594159312261 is an unknown value
RBX=0x00000000000000c6 is an unknown value
RCX=0x0000000000000003 is an unknown value
RDX=0x0000000101c1e830: _ZN8Universe11_narrow_oopE+0 in /Library/Java/JavaVirtualMachines/jdk1.7.0_71.jdk/Contents/Home/jre/lib/server/libjvm.dylib at 0x00000001014a4000
RSP=0x000000010b59fc10 is pointing into the stack for thread: 0x00007f9b00809000
RBP=0x000000010b59fc50 is pointing into the stack for thread: 0x00007f9b00809000
RSI=0x00000000000000c4 is an unknown value
RDI=0x00000007c13b2d50 is an oop
[[I 
 - klass: 'java/lang/Object'[]
 - length: 329
R8 =0x00007f9b00403488 is an unknown value
R9 =0x000000000000000e is an unknown value
R10=0x0000000000000001 is an unknown value
R11=0x0000000000000858 is an unknown value
R12=0x00000000000000c4 is an unknown value
R13=
[error occurred during error reporting (printing register info), id 0xb]

Stack: [0x000000010b4a2000,0x000000010b5a2000],  sp=0x000000010b59fc10,  free space=1015k
Native frames: (J=compiled Java code, j=interpreted, Vv=VM code, C=native code)
V  [libjvm.dylib+0x2adb01]  instanceKlass::find_method(objArrayOopDesc*, Symbol*, Symbol*)+0x11b
V  [libjvm.dylib+0x1f7f08]  ClassHierarchyWalker::is_witness(klassOopDesc*)+0x38
V  [libjvm.dylib+0x1f5eb3]  ClassHierarchyWalker::find_witness_anywhere(klassOopDesc*, bool, bool)+0x1c9
V  [libjvm.dylib+0x1f618e]  Dependencies::find_unique_concrete_method(klassOopDesc*, methodOopDesc*)+0x52
V  [libjvm.dylib+0x17ede4]  ciMethod::find_monomorphic_target(ciInstanceKlass*, ciInstanceKlass*, ciInstanceKlass*)+0xb8
V  [libjvm.dylib+0x233262]  Compile::optimize_inlining(ciMethod*, int, ciInstanceKlass*, ciMethod*, TypeOopPtr const*)+0xf6
V  [libjvm.dylib+0x233383]  Compile::optimize_virtual_call(ciMethod*, int, ciInstanceKlass*, ciMethod*, TypeOopPtr const*, bool, bool&, int&)+0x3d
V  [libjvm.dylib+0x2347f3]  Parse::do_call()+0x197
V  [libjvm.dylib+0x43fe1c]  Parse::do_one_bytecode()+0x4832
V  [libjvm.dylib+0x4361ed]  Parse::do_one_block()+0xc1
V  [libjvm.dylib+0x4364f1]  Parse::do_all_blocks()+0x271
V  [libjvm.dylib+0x437ff4]  Parse::Parse(JVMState*, ciMethod*, float)+0x518
V  [libjvm.dylib+0x166abe]  ParseGenerator::generate(JVMState*)+0x64
V  [libjvm.dylib+0x1bcb02]  Compile::Compile(ciEnv*, C2Compiler*, ciMethod*, int, bool, bool)+0x67c
V  [libjvm.dylib+0x166507]  C2Compiler::compile_method(ciEnv*, ciMethod*, int)+0x9d
V  [libjvm.dylib+0x1bfeae]  CompileBroker::invoke_compiler_on_method(CompileTask*)+0x3e0
V  [libjvm.dylib+0x1c1bf0]  CompileBroker::compiler_thread_loop()+0x12c
V  [libjvm.dylib+0x4f5f69]  JavaThread::thread_main_inner()+0x9b
V  [libjvm.dylib+0x4f7671]  JavaThread::run()+0x1a3
V  [libjvm.dylib+0x420e02]  java_start(Thread*)+0x126
C  [libsystem_pthread.dylib+0x3268]  _pthread_body+0x83
C  [libsystem_pthread.dylib+0x31e5]  _pthread_body+0x0
C  [libsystem_pthread.dylib+0x141d]  thread_start+0xd


Current CompileTask:
C2:7275229 2949   !         org.apache.catalina.core.ContainerBase::backgroundProcess (266 bytes)


---------------  P R O C E S S  ---------------

Java Threads: ( => current thread )
  0x00007f9b0493e000 JavaThread "http-bio-8080-exec-10" daemon [_thread_blocked, id=29699, stack(0x000000010da51000,0x000000010db51000)]
  0x00007f9b0307d000 JavaThread "http-bio-8080-exec-9" daemon [_thread_blocked, id=29187, stack(0x000000010d94e000,0x000000010da4e000)]
  0x00007f9b0318a800 JavaThread "http-bio-8080-exec-8" daemon [_thread_blocked, id=28675, stack(0x000000010d527000,0x000000010d627000)]
  0x00007f9b04b6a800 JavaThread "http-bio-8080-exec-7" daemon [_thread_blocked, id=28163, stack(0x000000010d259000,0x000000010d359000)]
  0x00007f9b0354d000 JavaThread "http-bio-8080-exec-6" daemon [_thread_blocked, id=27651, stack(0x000000010c922000,0x000000010ca22000)]
  0x00007f9b04800000 JavaThread "http-bio-8080-exec-5" daemon [_thread_blocked, id=22279, stack(0x000000010cb9f000,0x000000010cc9f000)]
  0x00007f9b0240d000 JavaThread "http-bio-8080-exec-4" daemon [_thread_blocked, id=12043, stack(0x000000010c04c000,0x000000010c14c000)]
  0x00007f9b01eea800 JavaThread "http-bio-8080-exec-3" daemon [_thread_blocked, id=26883, stack(0x000000010d84b000,0x000000010d94b000)]
  0x00007f9b022e9800 JavaThread "DestroyJavaVM" [_thread_blocked, id=3331, stack(0x0000000101f05000,0x0000000102005000)]
  0x00007f9b0421e800 JavaThread "Thread-8" [_thread_blocked, id=26371, stack(0x000000010d748000,0x000000010d848000)]
  0x00007f9b00e0d800 JavaThread "http-bio-8080-exec-2" daemon [_thread_blocked, id=25859, stack(0x000000010d645000,0x000000010d745000)]
  0x00007f9b032da800 JavaThread "http-bio-8080-exec-1" daemon [_thread_blocked, id=25347, stack(0x000000010d156000,0x000000010d256000)]
  0x00007f9b019e2800 JavaThread "http-bio-8080-AsyncTimeout" daemon [_thread_blocked, id=24835, stack(0x000000010d053000,0x000000010d153000)]
  0x00007f9b03bb8800 JavaThread "http-bio-8080-Acceptor-0" daemon [_thread_in_native, id=24323, stack(0x000000010ccfb000,0x000000010cdfb000)]
  0x00007f9b02367000 JavaThread "ContainerBackgroundProcessor[StandardEngine[Tomcat]]" daemon [_thread_blocked, id=23815, stack(0x000000010ca9c000,0x000000010cb9c000)]
  0x00007f9b03804000 JavaThread "net.sf.ehcache.CacheManager@3eeb5ad" daemon [_thread_blocked, id=23559, stack(0x000000010c3e4000,0x000000010c4e4000)]
  0x00007f9b00fef800 JavaThread "PoolCleaner[1824427472:1429483368723]" daemon [_thread_blocked, id=12299, stack(0x000000010c81f000,0x000000010c91f000)]
  0x00007f9b015c8800 JavaThread "FileSystemWatcher: files=#164 cl=groovy.lang.GroovyClassLoader@6cbe8dd0" daemon [_thread_blocked, id=21763, stack(0x000000010c59e000,0x000000010c69e000)]
  0x00007f9b00d6f800 JavaThread "Thread-3" [_thread_in_native, id=20227, stack(0x000000010cf50000,0x000000010d050000)]
  0x00007f9b01429800 JavaThread "Thread-2" [_thread_blocked, id=19715, stack(0x000000010c170000,0x000000010c270000)]
  0x00007f9b020ba000 JavaThread "NonBlockingInputStreamThread" daemon [_thread_blocked, id=19203, stack(0x000000010bcb0000,0x000000010bdb0000)]
  0x00007f9b00805800 JavaThread "Service Thread" daemon [_thread_blocked, id=17667, stack(0x000000010b6a8000,0x000000010b7a8000)]
  0x00007f9b0182c800 JavaThread "C2 CompilerThread1" daemon [_thread_blocked, id=17155, stack(0x000000010b5a5000,0x000000010b6a5000)]
=>0x00007f9b00809000 JavaThread "C2 CompilerThread0" daemon [_thread_in_vm, id=16643, stack(0x000000010b4a2000,0x000000010b5a2000)]
  0x00007f9b02059800 JavaThread "Signal Dispatcher" daemon [_thread_blocked, id=13583, stack(0x000000010b1dd000,0x000000010b2dd000)]
  0x00007f9b0180a000 JavaThread "Finalizer" daemon [_thread_blocked, id=11011, stack(0x00000001097b8000,0x00000001098b8000)]
  0x00007f9b01805000 JavaThread "Reference Handler" daemon [_thread_blocked, id=10499, stack(0x00000001096b5000,0x00000001097b5000)]

Other Threads:
  0x00007f9b02046800 VMThread [stack: 0x00000001095b2000,0x00000001096b2000] [id=9987]
  0x00007f9b01835800 WatcherThread [stack: 0x000000010b7ab000,0x000000010b8ab000] [id=18179]

VM state:not at safepoint (normal execution)

VM Mutex/Monitor currently owned by a thread:  ([mutex/lock_event])
[0x00007f9b007042e0] Compile_lock - owner thread: 0x00007f9b00809000

Heap
 PSYoungGen      total 230912K, used 49483K [0x00000007f0000000, 0x0000000800000000, 0x0000000800000000)
  eden space 200704K, 13% used [0x00000007f0000000,0x00000007f1b5a778,0x00000007fc400000)
  from space 30208K, 71% used [0x00000007fe280000,0x00000007ff778870,0x0000000800000000)
  to   space 30720K, 0% used [0x00000007fc400000,0x00000007fc400000,0x00000007fe200000)
 ParOldGen       total 203264K, used 123093K [0x00000007d0000000, 0x00000007dc680000, 0x00000007f0000000)
  object space 203264K, 60% used [0x00000007d0000000,0x00000007d7835598,0x00000007dc680000)
 PSPermGen       total 121856K, used 92567K [0x00000007c0000000, 0x00000007c7700000, 0x00000007d0000000)
  object space 121856K, 75% used [0x00000007c0000000,0x00000007c5a65cd8,0x00000007c7700000)

Card table byte_map: [0x0000000105a00000,0x0000000105c01000] byte_map_base: 0x0000000101c00000

Polling page: 0x0000000102044000

Code Cache  [0x0000000102a00000, 0x0000000103570000, 0x0000000105a00000)
 total_blobs=3293 nmethods=2589 adapters=655 free_code_cache=37588Kb largest_free_block=38373568

Compilation events (10 events):
Event: 7126.173 Thread 0x00007f9b00809000 nmethod 2944 0x000000010355eb90 code [0x000000010355efc0, 0x00000001035613c0]
Event: 7128.086 Thread 0x00007f9b0182c800 2945             java.util.zip.ZipFile$ZipFileInputStream::finalize (5 bytes)
Event: 7128.087 Thread 0x00007f9b0182c800 nmethod 2945 0x0000000102f5ec50 code [0x0000000102f5eda0, 0x0000000102f5ee28]
Event: 7224.293 Thread 0x00007f9b00809000 2946   !         java.util.zip.ZipFile$ZipFileInputStream::read (125 bytes)
Event: 7224.298 Thread 0x00007f9b0182c800 2947             java.util.zip.ZipFile$ZipFileInputStream::<init> (41 bytes)
Event: 7224.299 Thread 0x00007f9b00809000 nmethod 2946 0x0000000102d79090 code [0x0000000102d79200, 0x0000000102d79708]
Event: 7224.299 Thread 0x00007f9b0182c800 nmethod 2947 0x00000001034bea10 code [0x00000001034beb60, 0x00000001034bec58]
Event: 7225.287 Thread 0x00007f9b0182c800 2948             org.springsource.loaded.Utils::generateInstructionsToUnpackArrayAccordingToDescriptor (356 bytes)
Event: 7225.320 Thread 0x00007f9b0182c800 nmethod 2948 0x0000000103565290 code [0x0000000103565600, 0x0000000103566850]
Event: 7275.213 Thread 0x00007f9b00809000 2949   !         org.apache.catalina.core.ContainerBase::backgroundProcess (266 bytes)

GC Heap History (10 events):
Event: 6945.855 GC heap before
{Heap before GC invocations=146 (full 4):
 PSYoungGen      total 205312K, used 200361K [0x00000007f0000000, 0x00000007ff480000, 0x0000000800000000)
  eden space 180224K, 100% used [0x00000007f0000000,0x00000007fb000000,0x00000007fb000000)
  from space 25088K, 80% used [0x00000007fb000000,0x00000007fc3aa548,0x00000007fc880000)
  to   space 26112K, 0% used [0x00000007fdb00000,0x00000007fdb00000,0x00000007ff480000)
 ParOldGen       total 203264K, used 119305K [0x00000007d0000000, 0x00000007dc680000, 0x00000007f0000000)
  object space 203264K, 58% used [0x00000007d0000000,0x00000007d7482548,0x00000007dc680000)
 PSPermGen       total 121856K, used 90294K [0x00000007c0000000, 0x00000007c7700000, 0x00000007d0000000)
  object space 121856K, 74% used [0x00000007c0000000,0x00000007c582db30,0x00000007c7700000)
Event: 6945.935 GC heap after
Heap after GC invocations=146 (full 4):
 PSYoungGen      total 221696K, used 21177K [0x00000007f0000000, 0x00000007ff500000, 0x0000000800000000)
  eden space 195584K, 0% used [0x00000007f0000000,0x00000007f0000000,0x00000007fbf00000)
  from space 26112K, 81% used [0x00000007fdb00000,0x00000007fefae470,0x00000007ff480000)
  to   space 27648K, 0% used [0x00000007fbf00000,0x00000007fbf00000,0x00000007fda00000)
 ParOldGen       total 203264K, used 120301K [0x00000007d0000000, 0x00000007dc680000, 0x00000007f0000000)
  object space 203264K, 59% used [0x00000007d0000000,0x00000007d757b558,0x00000007dc680000)
 PSPermGen       total 121856K, used 90294K [0x00000007c0000000, 0x00000007c7700000, 0x00000007d0000000)
  object space 121856K, 74% used [0x00000007c0000000,0x00000007c582db30,0x00000007c7700000)
}
Event: 6975.359 GC heap before
{Heap before GC invocations=147 (full 4):
 PSYoungGen      total 221696K, used 216761K [0x00000007f0000000, 0x00000007ff500000, 0x0000000800000000)
  eden space 195584K, 100% used [0x00000007f0000000,0x00000007fbf00000,0x00000007fbf00000)
  from space 26112K, 81% used [0x00000007fdb00000,0x00000007fefae470,0x00000007ff480000)
  to   space 27648K, 0% used [0x00000007fbf00000,0x00000007fbf00000,0x00000007fda00000)
 ParOldGen       total 203264K, used 120301K [0x00000007d0000000, 0x00000007dc680000, 0x00000007f0000000)
  object space 203264K, 59% used [0x00000007d0000000,0x00000007d757b558,0x00000007dc680000)
 PSPermGen       total 121856K, used 91321K [0x00000007c0000000, 0x00000007c7700000, 0x00000007d0000000)
  object space 121856K, 74% used [0x00000007c0000000,0x00000007c592e750,0x00000007c7700000)
Event: 6975.415 GC heap after
Heap after GC invocations=147 (full 4):
 PSYoungGen      total 223232K, used 23011K [0x00000007f0000000, 0x0000000800000000, 0x0000000800000000)
  eden space 195584K, 0% used [0x00000007f0000000,0x00000007f0000000,0x00000007fbf00000)
  from space 27648K, 83% used [0x00000007fbf00000,0x00000007fd578d28,0x00000007fda00000)
  to   space 29184K, 0% used [0x00000007fe380000,0x00000007fe380000,0x0000000800000000)
 ParOldGen       total 203264K, used 122373K [0x00000007d0000000, 0x00000007dc680000, 0x00000007f0000000)
  object space 203264K, 60% used [0x00000007d0000000,0x00000007d7781558,0x00000007dc680000)
 PSPermGen       total 121856K, used 91321K [0x00000007c0000000, 0x00000007c7700000, 0x00000007d0000000)
  object space 121856K, 74% used [0x00000007c0000000,0x00000007c592e750,0x00000007c7700000)
}
Event: 7112.732 GC heap before
{Heap before GC invocations=148 (full 4):
 PSYoungGen      total 223232K, used 218595K [0x00000007f0000000, 0x0000000800000000, 0x0000000800000000)
  eden space 195584K, 100% used [0x00000007f0000000,0x00000007fbf00000,0x00000007fbf00000)
  from space 27648K, 83% used [0x00000007fbf00000,0x00000007fd578d28,0x00000007fda00000)
  to   space 29184K, 0% used [0x00000007fe380000,0x00000007fe380000,0x0000000800000000)
 ParOldGen       total 203264K, used 122373K [0x00000007d0000000, 0x00000007dc680000, 0x00000007f0000000)
  object space 203264K, 60% used [0x00000007d0000000,0x00000007d7781558,0x00000007dc680000)
 PSPermGen       total 121856K, used 91883K [0x00000007c0000000, 0x00000007c7700000, 0x00000007d0000000)
  object space 121856K, 75% used [0x00000007c0000000,0x00000007c59bad78,0x00000007c7700000)
Event: 7112.770 GC heap after
Heap after GC invocations=148 (full 4):
 PSYoungGen      total 231936K, used 20499K [0x00000007f0000000, 0x0000000800000000, 0x0000000800000000)
  eden space 202752K, 0% used [0x00000007f0000000,0x00000007f0000000,0x00000007fc600000)
  from space 29184K, 70% used [0x00000007fe380000,0x00000007ff784c58,0x0000000800000000)
  to   space 29696K, 0% used [0x00000007fc600000,0x00000007fc600000,0x00000007fe300000)
 ParOldGen       total 203264K, used 122869K [0x00000007d0000000, 0x00000007dc680000, 0x00000007f0000000)
  object space 203264K, 60% used [0x00000007d0000000,0x00000007d77fd598,0x00000007dc680000)
 PSPermGen       total 121856K, used 91883K [0x00000007c0000000, 0x00000007c7700000, 0x00000007d0000000)
  object space 121856K, 75% used [0x00000007c0000000,0x00000007c59bad78,0x00000007c7700000)
}
Event: 7128.046 GC heap before
{Heap before GC invocations=149 (full 4):
 PSYoungGen      total 231936K, used 223251K [0x00000007f0000000, 0x0000000800000000, 0x0000000800000000)
  eden space 202752K, 100% used [0x00000007f0000000,0x00000007fc600000,0x00000007fc600000)
  from space 29184K, 70% used [0x00000007fe380000,0x00000007ff784c58,0x0000000800000000)
  to   space 29696K, 0% used [0x00000007fc600000,0x00000007fc600000,0x00000007fe300000)
 ParOldGen       total 203264K, used 122869K [0x00000007d0000000, 0x00000007dc680000, 0x00000007f0000000)
  object space 203264K, 60% used [0x00000007d0000000,0x00000007d77fd598,0x00000007dc680000)
 PSPermGen       total 121856K, used 92257K [0x00000007c0000000, 0x00000007c7700000, 0x00000007d0000000)
  object space 121856K, 75% used [0x00000007c0000000,0x00000007c5a18548,0x00000007c7700000)
Event: 7128.085 GC heap after
Heap after GC invocations=149 (full 4):
 PSYoungGen      total 225280K, used 22134K [0x00000007f0000000, 0x0000000800000000, 0x0000000800000000)
  eden space 202752K, 0% used [0x00000007f0000000,0x00000007f0000000,0x00000007fc600000)
  from space 22528K, 98% used [0x00000007fc600000,0x00000007fdb9da40,0x00000007fdc00000)
  to   space 30208K, 0% used [0x00000007fe280000,0x00000007fe280000,0x0000000800000000)
 ParOldGen       total 203264K, used 122989K [0x00000007d0000000, 0x00000007dc680000, 0x00000007f0000000)
  object space 203264K, 60% used [0x00000007d0000000,0x00000007d781b598,0x00000007dc680000)
 PSPermGen       total 121856K, used 92257K [0x00000007c0000000, 0x00000007c7700000, 0x00000007d0000000)
  object space 121856K, 75% used [0x00000007c0000000,0x00000007c5a18548,0x00000007c7700000)
}
Event: 7224.367 GC heap before
{Heap before GC invocations=150 (full 4):
 PSYoungGen      total 225280K, used 224886K [0x00000007f0000000, 0x0000000800000000, 0x0000000800000000)
  eden space 202752K, 100% used [0x00000007f0000000,0x00000007fc600000,0x00000007fc600000)
  from space 22528K, 98% used [0x00000007fc600000,0x00000007fdb9da40,0x00000007fdc00000)
  to   space 30208K, 0% used [0x00000007fe280000,0x00000007fe280000,0x0000000800000000)
 ParOldGen       total 203264K, used 122989K [0x00000007d0000000, 0x00000007dc680000, 0x00000007f0000000)
  object space 203264K, 60% used [0x00000007d0000000,0x00000007d781b598,0x00000007dc680000)
 PSPermGen       total 121856K, used 92305K [0x00000007c0000000, 0x00000007c7700000, 0x00000007d0000000)
  object space 121856K, 75% used [0x00000007c0000000,0x00000007c5a24798,0x00000007c7700000)
Event: 7224.403 GC heap after
Heap after GC invocations=150 (full 4):
 PSYoungGen      total 230912K, used 21474K [0x00000007f0000000, 0x0000000800000000, 0x0000000800000000)
  eden space 200704K, 0% used [0x00000007f0000000,0x00000007f0000000,0x00000007fc400000)
  from space 30208K, 71% used [0x00000007fe280000,0x00000007ff778870,0x0000000800000000)
  to   space 30720K, 0% used [0x00000007fc400000,0x00000007fc400000,0x00000007fe200000)
 ParOldGen       total 203264K, used 123093K [0x00000007d0000000, 0x00000007dc680000, 0x00000007f0000000)
  object space 203264K, 60% used [0x00000007d0000000,0x00000007d7835598,0x00000007dc680000)
 PSPermGen       total 121856K, used 92305K [0x00000007c0000000, 0x00000007c7700000, 0x00000007d0000000)
  object space 121856K, 75% used [0x00000007c0000000,0x00000007c5a24798,0x00000007c7700000)
}

Deoptimization events (10 events):
Event: 5772.474 Thread 0x00007f9b015c8800 Uncommon trap: reason=array_check action=maybe_recompile pc=0x00000001034bab18 method=java.util.ComparableTimSort.mergeHi(IIII)V @ 91
Event: 5776.799 Thread 0x00007f9b01eea800 Uncommon trap: reason=unreached action=reinterpret pc=0x00000001034b912c method=org.codehaus.groovy.runtime.MethodRankHelper.damerauLevenshteinDistance([Ljava/lang/Object;[Ljava/lang/Object;)I @ 122
Event: 5853.309 Thread 0x00007f9b0421e800 Uncommon trap: reason=array_check action=maybe_recompile pc=0x00000001034c95e0 method=java.util.ComparableTimSort.mergeLo(IIII)V @ 367
Event: 5942.928 Thread 0x00007f9b015c8800 Uncommon trap: reason=null_check action=make_not_entrant pc=0x00000001034dcf48 method=org.springframework.beans.factory.config.PlaceholderConfigurerSupport.doProcessProperties(Lorg/springframework/beans/factory/config/ConfigurableListableBeanFactory;Lorg/
Event: 5947.002 Thread 0x00007f9b0307d000 Uncommon trap: reason=null_check action=make_not_entrant pc=0x00000001031f96dc method=org.codehaus.groovy.util.AbstractConcurrentMapBase$Segment.rehash()V @ 297
Event: 6072.226 Thread 0x00007f9b015c8800 Uncommon trap: reason=array_check action=maybe_recompile pc=0x00000001034d9698 method=java.util.ComparableTimSort.mergeLo(IIII)V @ 461
Event: 6236.664 Thread 0x00007f9b00e0d800 Uncommon trap: reason=array_check action=maybe_recompile pc=0x00000001034d9698 method=java.util.ComparableTimSort.mergeLo(IIII)V @ 461
Event: 6236.670 Thread 0x00007f9b00e0d800 Uncommon trap: reason=null_check action=make_not_entrant pc=0x000000010337880c method=org.codehaus.groovy.reflection.CachedClass.<init>(Ljava/lang/Class;Lorg/codehaus/groovy/reflection/ClassInfo;)V @ 175
Event: 6946.000 Thread 0x00007f9b0421e800 Uncommon trap: reason=unloaded action=reinterpret pc=0x00000001030c8b9c method=org.codehaus.groovy.antlr.parser.GroovyLexer.nextToken()Lgroovyjarjarantlr/Token; @ 2582
Event: 7080.446 Thread 0x00007f9b015c8800 Uncommon trap: reason=predicate action=maybe_recompile pc=0x0000000102f9f9e4 method=java.util.ComparableTimSort.reverseRange([Ljava/lang/Object;II)V @ 8

Internal exceptions (10 events):
Event: 7225.331 Thread 0x00007f9b015c8800 Threw 0x00000007f12ee390 at /HUDSON/workspace/7u-2-build-macosx-x86_64/jdk7u71/1605/hotspot/src/share/vm/prims/jvm.cpp:1281
Event: 7225.331 Thread 0x00007f9b015c8800 Threw 0x00000007f12ee878 at /HUDSON/workspace/7u-2-build-macosx-x86_64/jdk7u71/1605/hotspot/src/share/vm/classfile/systemDictionary.cpp:185
Event: 7225.331 Thread 0x00007f9b015c8800 Threw 0x00000007f12f0210 at /HUDSON/workspace/7u-2-build-macosx-x86_64/jdk7u71/1605/hotspot/src/share/vm/prims/jvm.cpp:1281
Event: 7225.331 Thread 0x00007f9b015c8800 Threw 0x00000007f12f2fd0 at /HUDSON/workspace/7u-2-build-macosx-x86_64/jdk7u71/1605/hotspot/src/share/vm/prims/jvm.cpp:1281
Event: 7225.331 Thread 0x00007f9b015c8800 Threw 0x00000007f13006f8 at /HUDSON/workspace/7u-2-build-macosx-x86_64/jdk7u71/1605/hotspot/src/share/vm/prims/jvm.cpp:1281
Event: 7225.331 Thread 0x00007f9b015c8800 Threw 0x00000007f1313440 at /HUDSON/workspace/7u-2-build-macosx-x86_64/jdk7u71/1605/hotspot/src/share/vm/prims/jvm.cpp:1281
Event: 7225.331 Thread 0x00007f9b015c8800 Threw 0x00000007f1316300 at /HUDSON/workspace/7u-2-build-macosx-x86_64/jdk7u71/1605/hotspot/src/share/vm/prims/jvm.cpp:1281
Event: 7225.331 Thread 0x00007f9b015c8800 Threw 0x00000007f1323c28 at /HUDSON/workspace/7u-2-build-macosx-x86_64/jdk7u71/1605/hotspot/src/share/vm/prims/jvm.cpp:1281
Event: 7225.332 Thread 0x00007f9b015c8800 Threw 0x00000007f1342a58 at /HUDSON/workspace/7u-2-build-macosx-x86_64/jdk7u71/1605/hotspot/src/share/vm/prims/jvm.cpp:1281
Event: 7225.332 Thread 0x00007f9b015c8800 Threw 0x00000007f1342f40 at /HUDSON/workspace/7u-2-build-macosx-x86_64/jdk7u71/1605/hotspot/src/share/vm/classfile/systemDictionary.cpp:185

Events (10 events):
Event: 7225.331 loading class 0x00007f9b02c140a0
Event: 7225.331 loading class 0x00007f9b02c140a0 done
Event: 7225.331 loading class 0x00007f9b02c140a0
Event: 7225.331 loading class 0x00007f9b02c140a0 done
Event: 7225.331 loading class 0x00007f9b02912020
Event: 7225.331 loading class 0x00007f9b02912020 done
Event: 7225.331 loading class 0x00007f9b02912020
Event: 7225.331 loading class 0x00007f9b02912020 done
Event: 7225.332 loading class 0x00007f9b02912020
Event: 7225.332 loading class 0x00007f9b02912020 done


Dynamic libraries:
0x000000000665f000 	/System/Library/Frameworks/Cocoa.framework/Versions/A/Cocoa
0x000000000665f000 	/System/Library/Frameworks/Security.framework/Versions/A/Security
0x000000000665f000 	/System/Library/Frameworks/ApplicationServices.framework/Versions/A/ApplicationServices
0x000000000665f000 	/usr/lib/libz.1.dylib
0x000000000665f000 	/usr/lib/libSystem.B.dylib
0x000000000665f000 	/usr/lib/libobjc.A.dylib
0x000000000665f000 	/System/Library/Frameworks/CoreFoundation.framework/Versions/A/CoreFoundation
0x000000000665f000 	/System/Library/Frameworks/Foundation.framework/Versions/C/Foundation
0x000000000665f000 	/System/Library/Frameworks/AppKit.framework/Versions/C/AppKit
0x000000000665f000 	/System/Library/Frameworks/CoreData.framework/Versions/A/CoreData
0x000000000665f000 	/System/Library/PrivateFrameworks/RemoteViewServices.framework/Versions/A/RemoteViewServices
0x000000000665f000 	/System/Library/PrivateFrameworks/UIFoundation.framework/Versions/A/UIFoundation
0x000000000665f000 	/System/Library/Frameworks/IOSurface.framework/Versions/A/IOSurface
0x000000000665f000 	/System/Library/Frameworks/AudioToolbox.framework/Versions/A/AudioToolbox
0x000000000665f000 	/System/Library/Frameworks/AudioUnit.framework/Versions/A/AudioUnit
0x000000000665f000 	/System/Library/PrivateFrameworks/DataDetectorsCore.framework/Versions/A/DataDetectorsCore
0x000000000665f000 	/System/Library/PrivateFrameworks/DesktopServicesPriv.framework/Versions/A/DesktopServicesPriv
0x000000000665f000 	/System/Library/Frameworks/Carbon.framework/Versions/A/Frameworks/HIToolbox.framework/Versions/A/HIToolbox
0x000000000665f000 	/System/Library/Frameworks/QuartzCore.framework/Versions/A/QuartzCore
0x000000000665f000 	/System/Library/Frameworks/Carbon.framework/Versions/A/Frameworks/SpeechRecognition.framework/Versions/A/SpeechRecognition
0x000000000665f000 	/usr/lib/libauto.dylib
0x000000000665f000 	/usr/lib/libicucore.A.dylib
0x000000000665f000 	/usr/lib/libxml2.2.dylib
0x000000000665f000 	/System/Library/PrivateFrameworks/CoreUI.framework/Versions/A/CoreUI
0x000000000665f000 	/System/Library/Frameworks/CoreAudio.framework/Versions/A/CoreAudio
0x000000000665f000 	/System/Library/Frameworks/DiskArbitration.framework/Versions/A/DiskArbitration
0x000000000665f000 	/usr/lib/liblangid.dylib
0x000000000665f000 	/System/Library/PrivateFrameworks/MultitouchSupport.framework/Versions/A/MultitouchSupport
0x000000000665f000 	/System/Library/Frameworks/IOKit.framework/Versions/A/IOKit
0x000000000665f000 	/usr/lib/libDiagnosticMessagesClient.dylib
0x000000000665f000 	/System/Library/Frameworks/CoreServices.framework/Versions/A/CoreServices
0x000000000665f000 	/System/Library/PrivateFrameworks/PerformanceAnalysis.framework/Versions/A/PerformanceAnalysis
0x000000000665f000 	/System/Library/PrivateFrameworks/GenerationalStorage.framework/Versions/A/GenerationalStorage
0x000000000665f000 	/System/Library/Frameworks/OpenGL.framework/Versions/A/OpenGL
0x000000000665f000 	/System/Library/PrivateFrameworks/Sharing.framework/Versions/A/Sharing
0x000000000665f000 	/System/Library/Frameworks/CoreGraphics.framework/Versions/A/CoreGraphics
0x000000000665f000 	/System/Library/Frameworks/CoreText.framework/Versions/A/CoreText
0x000000000665f000 	/System/Library/Frameworks/ImageIO.framework/Versions/A/ImageIO
0x000000000665f000 	/usr/lib/libextension.dylib
0x000000000665f000 	/System/Library/PrivateFrameworks/Backup.framework/Versions/A/Backup
0x000000000665f000 	/usr/lib/libarchive.2.dylib
0x000000000665f000 	/System/Library/Frameworks/CFNetwork.framework/Versions/A/CFNetwork
0x000000000665f000 	/System/Library/Frameworks/SystemConfiguration.framework/Versions/A/SystemConfiguration
0x000000000665f000 	/usr/lib/libCRFSuite.dylib
0x000000000665f000 	/usr/lib/libc++.1.dylib
0x000000000665f000 	/usr/lib/libc++abi.dylib
0x000000000665f000 	/usr/lib/system/libcache.dylib
0x000000000665f000 	/usr/lib/system/libcommonCrypto.dylib
0x000000000665f000 	/usr/lib/system/libcompiler_rt.dylib
0x000000000665f000 	/usr/lib/system/libcopyfile.dylib
0x000000000665f000 	/usr/lib/system/libcorecrypto.dylib
0x000000000665f000 	/usr/lib/system/libdispatch.dylib
0x000000000665f000 	/usr/lib/system/libdyld.dylib
0x000000000665f000 	/usr/lib/system/libkeymgr.dylib
0x000000000665f000 	/usr/lib/system/liblaunch.dylib
0x000000000665f000 	/usr/lib/system/libmacho.dylib
0x000000000665f000 	/usr/lib/system/libquarantine.dylib
0x000000000665f000 	/usr/lib/system/libremovefile.dylib
0x000000000665f000 	/usr/lib/system/libsystem_asl.dylib
0x000000000665f000 	/usr/lib/system/libsystem_blocks.dylib
0x000000000665f000 	/usr/lib/system/libsystem_c.dylib
0x000000000665f000 	/usr/lib/system/libsystem_configuration.dylib
0x000000000665f000 	/usr/lib/system/libsystem_coreservices.dylib
0x000000000665f000 	/usr/lib/system/libsystem_coretls.dylib
0x000000000665f000 	/usr/lib/system/libsystem_dnssd.dylib
0x000000000665f000 	/usr/lib/system/libsystem_info.dylib
0x000000000665f000 	/usr/lib/system/libsystem_kernel.dylib
0x000000000665f000 	/usr/lib/system/libsystem_m.dylib
0x000000000665f000 	/usr/lib/system/libsystem_malloc.dylib
0x000000000665f000 	/usr/lib/system/libsystem_network.dylib
0x000000000665f000 	/usr/lib/system/libsystem_networkextension.dylib
0x000000000665f000 	/usr/lib/system/libsystem_notify.dylib
0x000000000665f000 	/usr/lib/system/libsystem_platform.dylib
0x000000000665f000 	/usr/lib/system/libsystem_pthread.dylib
0x000000000665f000 	/usr/lib/system/libsystem_sandbox.dylib
0x000000000665f000 	/usr/lib/system/libsystem_secinit.dylib
0x000000000665f000 	/usr/lib/system/libsystem_stats.dylib
0x000000000665f000 	/usr/lib/system/libsystem_trace.dylib
0x000000000665f000 	/usr/lib/system/libunc.dylib
0x000000000665f000 	/usr/lib/system/libunwind.dylib
0x000000000665f000 	/usr/lib/system/libxpc.dylib
0x000000000665f000 	/usr/lib/libbz2.1.0.dylib
0x000000000665f000 	/usr/lib/liblzma.5.dylib
0x000000000665f000 	/usr/lib/libbsm.0.dylib
0x000000000665f000 	/usr/lib/libsqlite3.dylib
0x000000000665f000 	/usr/lib/system/libkxld.dylib
0x000000000665f000 	/usr/lib/libxar.1.dylib
0x000000000665f000 	/usr/lib/libpam.2.dylib
0x000000000665f000 	/usr/lib/libOpenScriptingUtil.dylib
0x000000000665f000 	/System/Library/Frameworks/CoreServices.framework/Versions/A/Frameworks/FSEvents.framework/Versions/A/FSEvents
0x000000000665f000 	/System/Library/Frameworks/CoreServices.framework/Versions/A/Frameworks/CarbonCore.framework/Versions/A/CarbonCore
0x000000000665f000 	/System/Library/Frameworks/CoreServices.framework/Versions/A/Frameworks/Metadata.framework/Versions/A/Metadata
0x000000000665f000 	/System/Library/Frameworks/CoreServices.framework/Versions/A/Frameworks/OSServices.framework/Versions/A/OSServices
0x000000000665f000 	/System/Library/Frameworks/CoreServices.framework/Versions/A/Frameworks/SearchKit.framework/Versions/A/SearchKit
0x000000000665f000 	/System/Library/Frameworks/CoreServices.framework/Versions/A/Frameworks/AE.framework/Versions/A/AE
0x000000000665f000 	/System/Library/Frameworks/CoreServices.framework/Versions/A/Frameworks/LaunchServices.framework/Versions/A/LaunchServices
0x000000000665f000 	/System/Library/Frameworks/CoreServices.framework/Versions/A/Frameworks/DictionaryServices.framework/Versions/A/DictionaryServices
0x000000000665f000 	/System/Library/Frameworks/NetFS.framework/Versions/A/NetFS
0x000000000665f000 	/System/Library/PrivateFrameworks/NetAuth.framework/Versions/A/NetAuth
0x000000000665f000 	/System/Library/PrivateFrameworks/login.framework/Versions/A/Frameworks/loginsupport.framework/Versions/A/loginsupport
0x000000000665f000 	/System/Library/PrivateFrameworks/TCC.framework/Versions/A/TCC
0x000000000665f000 	/usr/lib/libmecabra.dylib
0x000000000665f000 	/System/Library/Frameworks/ApplicationServices.framework/Versions/A/Frameworks/ATS.framework/Versions/A/ATS
0x000000000665f000 	/System/Library/Frameworks/ApplicationServices.framework/Versions/A/Frameworks/ColorSync.framework/Versions/A/ColorSync
0x000000000665f000 	/System/Library/Frameworks/ApplicationServices.framework/Versions/A/Frameworks/HIServices.framework/Versions/A/HIServices
0x000000000665f000 	/System/Library/Frameworks/ApplicationServices.framework/Versions/A/Frameworks/LangAnalysis.framework/Versions/A/LangAnalysis
0x000000000665f000 	/System/Library/Frameworks/ApplicationServices.framework/Versions/A/Frameworks/PrintCore.framework/Versions/A/PrintCore
0x000000000665f000 	/System/Library/Frameworks/ApplicationServices.framework/Versions/A/Frameworks/QD.framework/Versions/A/QD
0x000000000665f000 	/System/Library/Frameworks/ApplicationServices.framework/Versions/A/Frameworks/SpeechSynthesis.framework/Versions/A/SpeechSynthesis
0x000000000665f000 	/System/Library/Frameworks/Accelerate.framework/Versions/A/Accelerate
0x000000000665f000 	/System/Library/Frameworks/Accelerate.framework/Versions/A/Frameworks/vImage.framework/Versions/A/vImage
0x000000000665f000 	/System/Library/Frameworks/Accelerate.framework/Versions/A/Frameworks/vecLib.framework/Versions/A/vecLib
0x000000000665f000 	/System/Library/Frameworks/Accelerate.framework/Versions/A/Frameworks/vecLib.framework/Versions/A/libvDSP.dylib
0x000000000665f000 	/System/Library/Frameworks/Accelerate.framework/Versions/A/Frameworks/vecLib.framework/Versions/A/libvMisc.dylib
0x000000000665f000 	/System/Library/Frameworks/Accelerate.framework/Versions/A/Frameworks/vecLib.framework/Versions/A/libLAPACK.dylib
0x000000000665f000 	/System/Library/Frameworks/Accelerate.framework/Versions/A/Frameworks/vecLib.framework/Versions/A/libBLAS.dylib
0x000000000665f000 	/System/Library/Frameworks/Accelerate.framework/Versions/A/Frameworks/vecLib.framework/Versions/A/libLinearAlgebra.dylib
0x000000000665f000 	/System/Library/Frameworks/ApplicationServices.framework/Versions/A/Frameworks/ATS.framework/Versions/A/Resources/libFontParser.dylib
0x000000000665f000 	/System/Library/Frameworks/ApplicationServices.framework/Versions/A/Frameworks/ATS.framework/Versions/A/Resources/libFontRegistry.dylib
0x000000000665f000 	/System/Library/PrivateFrameworks/AppleVPA.framework/Versions/A/AppleVPA
0x000000000665f000 	/System/Library/PrivateFrameworks/AppleJPEG.framework/Versions/A/AppleJPEG
0x000000000665f000 	/System/Library/Frameworks/ImageIO.framework/Versions/A/Resources/libJPEG.dylib
0x000000000665f000 	/System/Library/Frameworks/ImageIO.framework/Versions/A/Resources/libTIFF.dylib
0x000000000665f000 	/System/Library/Frameworks/ImageIO.framework/Versions/A/Resources/libPng.dylib
0x000000000665f000 	/System/Library/Frameworks/ImageIO.framework/Versions/A/Resources/libGIF.dylib
0x000000000665f000 	/System/Library/Frameworks/ImageIO.framework/Versions/A/Resources/libJP2.dylib
0x000000000665f000 	/System/Library/Frameworks/ImageIO.framework/Versions/A/Resources/libRadiance.dylib
0x000000000665f000 	/System/Library/Frameworks/CoreVideo.framework/Versions/A/CoreVideo
0x000000000665f000 	/System/Library/Frameworks/OpenGL.framework/Versions/A/Libraries/libGLU.dylib
0x000000000665f000 	/System/Library/Frameworks/OpenGL.framework/Versions/A/Libraries/libGFXShared.dylib
0x000000000665f000 	/System/Library/Frameworks/OpenGL.framework/Versions/A/Libraries/libGL.dylib
0x000000000665f000 	/System/Library/Frameworks/OpenGL.framework/Versions/A/Libraries/libGLImage.dylib
0x000000000665f000 	/System/Library/Frameworks/OpenGL.framework/Versions/A/Libraries/libCVMSPluginSupport.dylib
0x000000000665f000 	/System/Library/Frameworks/OpenGL.framework/Versions/A/Libraries/libCoreVMClient.dylib
0x000000000665f000 	/usr/lib/libcups.2.dylib
0x000000000665f000 	/System/Library/Frameworks/Kerberos.framework/Versions/A/Kerberos
0x000000000665f000 	/System/Library/Frameworks/GSS.framework/Versions/A/GSS
0x000000000665f000 	/usr/lib/libresolv.9.dylib
0x000000000665f000 	/usr/lib/libiconv.2.dylib
0x000000000665f000 	/System/Library/PrivateFrameworks/Heimdal.framework/Versions/A/Heimdal
0x000000000665f000 	/usr/lib/libheimdal-asn1.dylib
0x000000000665f000 	/System/Library/Frameworks/OpenDirectory.framework/Versions/A/OpenDirectory
0x000000000665f000 	/System/Library/PrivateFrameworks/CommonAuth.framework/Versions/A/CommonAuth
0x000000000665f000 	/System/Library/Frameworks/OpenDirectory.framework/Versions/A/Frameworks/CFOpenDirectory.framework/Versions/A/CFOpenDirectory
0x000000000665f000 	/System/Library/Frameworks/SecurityFoundation.framework/Versions/A/SecurityFoundation
0x000000000665f000 	/System/Library/PrivateFrameworks/LanguageModeling.framework/Versions/A/LanguageModeling
0x000000000665f000 	/usr/lib/libcmph.dylib
0x000000000665f000 	/System/Library/Frameworks/ServiceManagement.framework/Versions/A/ServiceManagement
0x000000000665f000 	/usr/lib/libxslt.1.dylib
0x000000000665f000 	/System/Library/Frameworks/Carbon.framework/Versions/A/Frameworks/Ink.framework/Versions/A/Ink
0x000000000665f000 	/System/Library/Frameworks/QuartzCore.framework/Versions/A/Frameworks/CoreImage.framework/Versions/A/CoreImage
0x000000000665f000 	/System/Library/PrivateFrameworks/CrashReporterSupport.framework/Versions/A/CrashReporterSupport
0x000000000665f000 	/System/Library/Frameworks/OpenCL.framework/Versions/A/OpenCL
0x000000000665f000 	/System/Library/PrivateFrameworks/FaceCore.framework/Versions/A/FaceCore
0x000000000665f000 	/System/Library/PrivateFrameworks/Ubiquity.framework/Versions/A/Ubiquity
0x000000000665f000 	/System/Library/PrivateFrameworks/IconServices.framework/Versions/A/IconServices
0x000000000665f000 	/System/Library/PrivateFrameworks/ChunkingLibrary.framework/Versions/A/ChunkingLibrary
0x000000000665f000 	/System/Library/PrivateFrameworks/Apple80211.framework/Versions/A/Apple80211
0x000000000665f000 	/System/Library/Frameworks/CoreWLAN.framework/Versions/A/CoreWLAN
0x000000000665f000 	/System/Library/Frameworks/IOBluetooth.framework/Versions/A/IOBluetooth
0x000000000665f000 	/System/Library/PrivateFrameworks/CoreWiFi.framework/Versions/A/CoreWiFi
0x000000000665f000 	/System/Library/Frameworks/CoreBluetooth.framework/Versions/A/CoreBluetooth
0x000000000665f000 	/System/Library/PrivateFrameworks/DebugSymbols.framework/Versions/A/DebugSymbols
0x000000000665f000 	/System/Library/PrivateFrameworks/CoreSymbolication.framework/Versions/A/CoreSymbolication
0x000000000665f000 	/System/Library/PrivateFrameworks/Symbolication.framework/Versions/A/Symbolication
0x000000000665f000 	/System/Library/PrivateFrameworks/SpeechRecognitionCore.framework/Versions/A/SpeechRecognitionCore
0x00000001014a4000 	/Library/Java/JavaVirtualMachines/jdk1.7.0_71.jdk/Contents/Home/jre/lib/server/libjvm.dylib
0x000000000665f000 	/usr/lib/libstdc++.6.dylib
0x0000000102007000 	/Library/Java/JavaVirtualMachines/jdk1.7.0_71.jdk/Contents/Home/jre/lib/libverify.dylib
0x0000000102014000 	/Library/Java/JavaVirtualMachines/jdk1.7.0_71.jdk/Contents/Home/jre/lib/libjava.dylib
0x0000000102045000 	/Library/Java/JavaVirtualMachines/jdk1.7.0_71.jdk/Contents/Home/jre/lib/libinstrument.dylib
0x00000001020b7000 	/Library/Java/JavaVirtualMachines/jdk1.7.0_71.jdk/Contents/Home/jre/lib/libzip.dylib
0x00000001098ba000 	/System/Library/Frameworks/JavaVM.framework/Frameworks/JavaRuntimeSupport.framework/JavaRuntimeSupport
0x00000001098d2000 	/System/Library/Frameworks/JavaVM.framework/Versions/A/Frameworks/JavaNativeFoundation.framework/Versions/A/JavaNativeFoundation
0x00000001098e7000 	/System/Library/Frameworks/JavaVM.framework/Versions/A/JavaVM
0x000000000665f000 	/System/Library/Frameworks/Carbon.framework/Versions/A/Carbon
0x00000001098f4000 	/System/Library/PrivateFrameworks/JavaLaunching.framework/Versions/A/JavaLaunching
0x000000000665f000 	/System/Library/Frameworks/Carbon.framework/Versions/A/Frameworks/CommonPanels.framework/Versions/A/CommonPanels
0x000000000665f000 	/System/Library/Frameworks/Carbon.framework/Versions/A/Frameworks/Help.framework/Versions/A/Help
0x000000000665f000 	/System/Library/Frameworks/Carbon.framework/Versions/A/Frameworks/ImageCapture.framework/Versions/A/ImageCapture
0x000000000665f000 	/System/Library/Frameworks/Carbon.framework/Versions/A/Frameworks/OpenScripting.framework/Versions/A/OpenScripting
0x000000000665f000 	/System/Library/Frameworks/Carbon.framework/Versions/A/Frameworks/Print.framework/Versions/A/Print
0x000000000665f000 	/System/Library/Frameworks/Carbon.framework/Versions/A/Frameworks/SecurityHI.framework/Versions/A/SecurityHI
0x000000010bcac000 	/private/var/folders/zg/v6j0jh0x4vs4pj0_nkbm2bb00000gn/T/libjansi-64-1958920608828424652.jnilib
0x000000010b8ce000 	/Library/Java/JavaVirtualMachines/jdk1.7.0_71.jdk/Contents/Home/jre/lib/libnet.dylib
0x000000010bac1000 	/Library/Java/JavaVirtualMachines/jdk1.7.0_71.jdk/Contents/Home/jre/lib/libnio.dylib
0x000000010b8f0000 	/Library/Java/JavaVirtualMachines/jdk1.7.0_71.jdk/Contents/Home/jre/lib/libmanagement.dylib

VM Arguments:
jvm_args: -Dfile.encoding=UTF-8 -Xmx768M -Xms64M -XX:MaxPermSize=256m -Dgrails.fork.parent.process.port=53592 -Dgrails.fork.active=true -Dgrails.build.execution.context=/private/var/folders/zg/v6j0jh0x4vs4pj0_nkbm2bb00000gn/T/ToulouseMusee1694916109572264809grails-execution-context -Dgrails.home=/Users/Abel/Documents/IntelliJ_workspace/Frameworks_&_Software_Utilities/grails-2.4.2 -javaagent:/Users/Abel/Documents/IntelliJ_workspace/Frameworks_&_Software_Utilities/grails-2.4.2/lib/org.springframework/springloaded/jars/springloaded-1.2.0.RELEASE.jar -Xverify:none -Dspringloaded.synchronize=true -Djdk.reflect.allowGetCallerClass=true -Dspringloaded=profile=grails;cacheDir=/Users/Abel/.grails/2.4.2 
java_command: org.grails.plugins.tomcat.fork.ForkedTomcatServer
Launcher Type: SUN_STANDARD

Environment Variables:
JAVA_HOME=/Library/Java/JavaVirtualMachines/jdk1.7.0_71.jdk/Contents/Home
PATH=/usr/local/bin:/usr/bin:/bin:/usr/sbin:/sbin:/opt/X11/bin
SHELL=/bin/bash
DISPLAY=/private/tmp/com.apple.launchd.y1ZMB73lnV/org.macosforge.xquartz:0

Signal Handlers:
SIGSEGV: [libjvm.dylib+0x52c49d], sa_mask[0]=0xfffefeff, sa_flags=0x00000043
SIGBUS: [libjvm.dylib+0x52c49d], sa_mask[0]=0xfffefeff, sa_flags=0x00000042
SIGFPE: [libjvm.dylib+0x41e53a], sa_mask[0]=0xfffefeff, sa_flags=0x00000042
SIGPIPE: [libjvm.dylib+0x41e53a], sa_mask[0]=0xfffefeff, sa_flags=0x00000042
SIGXFSZ: [libjvm.dylib+0x41e53a], sa_mask[0]=0xfffefeff, sa_flags=0x00000042
SIGILL: [libjvm.dylib+0x41e53a], sa_mask[0]=0xfffefeff, sa_flags=0x00000042
SIGUSR1: SIG_DFL, sa_mask[0]=0x00000000, sa_flags=0x00000000
SIGUSR2: [libjvm.dylib+0x41e02c], sa_mask[0]=0x00000004, sa_flags=0x00000042
SIGHUP: [libjvm.dylib+0x41c2bd], sa_mask[0]=0xfffefeff, sa_flags=0x00000042
SIGINT: [libjvm.dylib+0x41c2bd], sa_mask[0]=0xfffefeff, sa_flags=0x00000042
SIGTERM: [libjvm.dylib+0x41c2bd], sa_mask[0]=0xfffefeff, sa_flags=0x00000042
SIGQUIT: [libjvm.dylib+0x41c2bd], sa_mask[0]=0xfffefeff, sa_flags=0x00000042


---------------  S Y S T E M  ---------------

OS:Bsduname:Darwin 14.3.0 Darwin Kernel Version 14.3.0: Mon Mar 23 11:59:05 PDT 2015; root:xnu-2782.20.48~5/RELEASE_X86_64 x86_64
rlimit: STACK 8192k, CORE 0k, NPROC 709, NOFILE 10240, AS infinity
load average:2.66 2.87 2.65

CPU:total 4 (2 cores per cpu, 2 threads per core) family 6 model 58 stepping 9, cmov, cx8, fxsr, mmx, sse, sse2, sse3, ssse3, sse4.1, sse4.2, popcnt, avx, aes, erms, ht, tsc, tscinvbit, tscinv

Memory: 4k page, physical 8388608k(2097152k free)

/proc/meminfo:


vm_info: Java HotSpot(TM) 64-Bit Server VM (24.71-b01) for bsd-amd64 JRE (1.7.0_71-b14), built on Sep 26 2014 16:11:44 by "java_re" with gcc 4.2.1 (Based on Apple Inc. build 5658) (LLVM build 2336.11.00)

time: Mon Apr 20 02:43:50 2015
elapsed time: 7275 seconds

